<?xml version="1.0" encoding="utf-8"?>
<shfbBuild product="Sandcastle Help File Builder and Tools" version="2015.10.10.0" projectFile="E:\solidfire\sdk-dotnet\sdk-dotnet-help.shfbproj" started="11/11/2015 10:25:37 AM">
<buildStep step="Initializing">
Finding tools...
The Sandcastle tools are located in &#39;C:\Program Files (x86)\EWSoftware\Sandcastle Help File Builder\&#39;
Locating components in the following folder(s):
    E:\solidfire\sdk-dotnet
    C:\ProgramData\EWSoftware\Sandcastle Help File Builder\Components and Plug-Ins\
    C:\Program Files (x86)\EWSoftware\Sandcastle Help File Builder\
Framework reflection data location: C:\Program Files (x86)\EWSoftware\Sandcastle Help File Builder\Data\.NETFramework
Using presentation style &#39;VS2013&#39; located in &#39;C:\Program Files (x86)\EWSoftware\Sandcastle Help File Builder\PresentationStyles\VS2013&#39;
Loading and initializing plug-ins...
Lightweight Website Style Version 2015.10.10.0
Copyright &#169; 2006-2015, Eric Woodruff, All Rights Reserved
Portions Copyright &#169; 2014, Sam Harwell, All Rights Reserved
-------------------------------
Clearing any prior web/markdown output...
</buildStep>
<buildStep step="ValidatingDocumentationSources">
Validating and copying documentation source information
Source: E:\solidfire\solidfire-sdk-dotnet\Element\Element.csproj
    Found project &#39;E:\solidfire\solidfire-sdk-dotnet\Element\Element.csproj&#39;

Parsing project files
    Found assembly &#39;E:\solidfire\solidfire-sdk-dotnet\Element\bin\Debug\SolidFire.Element.dll&#39;

References to include (excluding framework assemblies):
    Newtonsoft.Json, Version=7.0.0.0, Culture=neutral, PublicKeyToken=30ad4fe6b2a6aeed, processorArchitecture=MSIL

Copying XML comments files
    E:\solidfire\solidfire-sdk-dotnet\Element\bin\Debug\SolidFire.Element.XML -&gt; C:\Users\Adam\dev\solidfire\sdk-dotnet\help\v0.9\Working\SolidFire.Element.XML
</buildStep>
<buildStep step="GenerateSharedContent">
Generating shared content files (en-US, English (United States))...
<plugIn name="Lightweight Website Style" behavior="After" priority="1000">
</plugIn>    Last step completed in 00:00:00.0313
</buildStep>
<buildStep step="GenerateApiFilter">
Generating API filter for MRefBuilder...
    Last step completed in 00:00:00.0313
</buildStep>
<buildStep step="GenerateReflectionInfo">
Generating reflection information...
[C:\Windows\Microsoft.NET\Framework64\v4.0.30319\MSBuild.exe - GenerateRefInfo.proj]
Build started 11/11/2015 10:25:40 AM.
Project &quot;C:\Users\Adam\dev\solidfire\sdk-dotnet\help\v0.9\Working\GenerateRefInfo.proj&quot; on node 1 (default targets).
PrepareForBuild:
  Creating directory &quot;obj\Debug\&quot;.
GenerateRefInfo:
  MRefBuilder (v2015.10.10.0)
  Copyright c 2006-2015, Microsoft Corporation, All Rights Reserved.
  Portions Copyright c 2006-2015, Eric Woodruff, All Rights Reserved.
  Loaded 1 assemblies for reflection and 2 dependency assemblies.
  Wrote information on 2 namespaces, 286 types, and 1446 members
  Copying file from &quot;reflection.org&quot; to &quot;reflection.all&quot;.
  XslTransform (v2015.10.10.0)
  Copyright c 2006-2015, Microsoft Corporation, All Rights Reserved.
  Portions Copyright c 2006-2015, Eric Woodruff, All Rights Reserved.
  Applying XSL transformation &#39;C:\Program Files (x86)\EWSoftware\Sandcastle Help File Builder\ProductionTransforms\MergeDuplicates.xsl&#39;.
Done Building Project &quot;C:\Users\Adam\dev\solidfire\sdk-dotnet\help\v0.9\Working\GenerateRefInfo.proj&quot; (default targets).

Build succeeded.

Time Elapsed 00:00:02.59
    Last step completed in 00:00:02.8281
</buildStep>
<buildStep step="TransformReflectionInfo">
Transforming reflection output...
[C:\Windows\Microsoft.NET\Framework64\v4.0.30319\MSBuild.exe - TransformManifest.proj]
Build started 11/11/2015 10:25:43 AM.
Project &quot;C:\Users\Adam\dev\solidfire\sdk-dotnet\help\v0.9\Working\TransformManifest.proj&quot; on node 1 (default targets).
TransformManifest:
  XslTransform (v2015.10.10.0)
  Copyright c 2006-2015, Microsoft Corporation, All Rights Reserved.
  Portions Copyright c 2006-2015, Eric Woodruff, All Rights Reserved.
  Applying XSL transformation &#39;C:\Program Files (x86)\EWSoftware\Sandcastle Help File Builder\\ProductionTransforms\ApplyVSDocModel.xsl&#39;.
  Copying file from &quot;reflection.xml&quot; to &quot;reflection.nofilenames&quot;.
  XslTransform (v2015.10.10.0)
  Copyright c 2006-2015, Microsoft Corporation, All Rights Reserved.
  Portions Copyright c 2006-2015, Eric Woodruff, All Rights Reserved.
  Applying XSL transformation &#39;C:\Program Files (x86)\EWSoftware\Sandcastle Help File Builder\ProductionTransforms\AddFilenames.xsl&#39;.
    Unique name M_SolidFire_Element_ElementFactory_Create_1 generated for M:SolidFire.Element.ElementFactory.Create(System.String,System.String,System.String,System.String)
    Unique name M_SolidFire_Element_Api_SolidFireElement_AddDrives_1 generated for M:SolidFire.Element.Api.SolidFireElement.AddDrives(System.Collections.Generic.List{SolidFire.Element.Api.NewDrive})
    Unique name M_SolidFire_Element_Api_SolidFireElement_AddNodes_1 generated for M:SolidFire.Element.Api.SolidFireElement.AddNodes(System.Collections.Generic.List{System.Int64})
    Unique name M_SolidFire_Element_Api_SolidFireElement_CancelClone_1 generated for M:SolidFire.Element.Api.SolidFireElement.CancelClone(System.Int64)
    Unique name M_SolidFire_Element_Api_SolidFireElement_DeleteSnapshot_1 generated for M:SolidFire.Element.Api.SolidFireElement.DeleteSnapshot(System.Int64)
    Unique name M_SolidFire_Element_Api_SolidFireElement_DeleteVolume_1 generated for M:SolidFire.Element.Api.SolidFireElement.DeleteVolume(System.Int64)
    Unique name M_SolidFire_Element_Api_SolidFireElement_DeleteVolumeAccessGroup_1 generated for M:SolidFire.Element.Api.SolidFireElement.DeleteVolumeAccessGroup(System.Int64)
    Unique name M_SolidFire_Element_Api_SolidFireElement_EnableSnmp_1 generated for M:SolidFire.Element.Api.SolidFireElement.EnableSnmp(System.Boolean)
    Unique name M_SolidFire_Element_Api_SolidFireElement_GetAccountByID_1 generated for M:SolidFire.Element.Api.SolidFireElement.GetAccountByID(System.Int64)
    Unique name M_SolidFire_Element_Api_SolidFireElement_GetAccountByName_1 generated for M:SolidFire.Element.Api.SolidFireElement.GetAccountByName(System.String)
    Unique name M_SolidFire_Element_Api_SolidFireElement_GetAsyncResult_1 generated for M:SolidFire.Element.Api.SolidFireElement.GetAsyncResult(System.Int64)
    Unique name M_SolidFire_Element_Api_SolidFireElement_GetDatabaseEntry_1 generated for M:SolidFire.Element.Api.SolidFireElement.GetDatabaseEntry(System.String)
    Unique name M_SolidFire_Element_Api_SolidFireElement_GetDriveHardwareInfo_1 generated for M:SolidFire.Element.Api.SolidFireElement.GetDriveHardwareInfo(System.Int64)
    Unique name M_SolidFire_Element_Api_SolidFireElement_GetDriveStats_1 generated for M:SolidFire.Element.Api.SolidFireElement.GetDriveStats(System.Int64)
    Unique name M_SolidFire_Element_Api_SolidFireElement_GetProtocolEndpoint_1 generated for M:SolidFire.Element.Api.SolidFireElement.GetProtocolEndpoint(System.Guid)
    Unique name M_SolidFire_Element_Api_SolidFireElement_GetVolumeAccessGroupEfficiency_1 generated for M:SolidFire.Element.Api.SolidFireElement.GetVolumeAccessGroupEfficiency(System.Int64)
    Unique name M_SolidFire_Element_Api_SolidFireElement_GetVolumeStats_1 generated for M:SolidFire.Element.Api.SolidFireElement.GetVolumeStats(System.Int64)
    Unique name M_SolidFire_Element_Api_SolidFireElement_ListDatabaseChildren_1 generated for M:SolidFire.Element.Api.SolidFireElement.ListDatabaseChildren(System.String)
    Unique name M_SolidFire_Element_Api_SolidFireElement_ListDatabaseChildrenData_1 generated for M:SolidFire.Element.Api.SolidFireElement.ListDatabaseChildrenData(System.String)
    Unique name M_SolidFire_Element_Api_SolidFireElement_ListGroupSnapshots_1 generated for M:SolidFire.Element.Api.SolidFireElement.ListGroupSnapshots(System.Nullable{System.Int64})
    Unique name M_SolidFire_Element_Api_SolidFireElement_ListSnapshots_1 generated for M:SolidFire.Element.Api.SolidFireElement.ListSnapshots(System.Nullable{System.Int64})
    Unique name M_SolidFire_Element_Api_SolidFireElement_ListStorageContainers_1 generated for M:SolidFire.Element.Api.SolidFireElement.ListStorageContainers(System.Guid)
    Unique name M_SolidFire_Element_Api_SolidFireElement_ListVirtualVolumeBindings_1 generated for M:SolidFire.Element.Api.SolidFireElement.ListVirtualVolumeBindings(System.Guid)
    Unique name M_SolidFire_Element_Api_SolidFireElement_ListVirtualVolumeHosts_1 generated for M:SolidFire.Element.Api.SolidFireElement.ListVirtualVolumeHosts(System.Guid)
    Unique name M_SolidFire_Element_Api_SolidFireElement_ListVirtualVolumeTasks_1 generated for M:SolidFire.Element.Api.SolidFireElement.ListVirtualVolumeTasks(System.Guid)
    Unique name M_SolidFire_Element_Api_SolidFireElement_ListVolumeStatsByVolumeAccessGroup_1 generated for M:SolidFire.Element.Api.SolidFireElement.ListVolumeStatsByVolumeAccessGroup(System.Collections.Generic.List{System.Int64})
    Unique name M_SolidFire_Element_Api_SolidFireElement_ModifyVasaProviderInfo_1 generated for M:SolidFire.Element.Api.SolidFireElement.ModifyVasaProviderInfo(System.String)
    Unique name M_SolidFire_Element_Api_SolidFireElement_PurgeDeletedVolume_1 generated for M:SolidFire.Element.Api.SolidFireElement.PurgeDeletedVolume(System.Int64)
    Unique name M_SolidFire_Element_Api_SolidFireElement_RemoveAccount_1 generated for M:SolidFire.Element.Api.SolidFireElement.RemoveAccount(System.Int64)
    Unique name M_SolidFire_Element_Api_SolidFireElement_RemoveClusterAdmin_1 generated for M:SolidFire.Element.Api.SolidFireElement.RemoveClusterAdmin(System.Int64)
    Unique name M_SolidFire_Element_Api_SolidFireElement_RemoveDrives_1 generated for M:SolidFire.Element.Api.SolidFireElement.RemoveDrives(System.Collections.Generic.List{System.Int64})
    Unique name M_SolidFire_Element_Api_SolidFireElement_RemoveNodes_1 generated for M:SolidFire.Element.Api.SolidFireElement.RemoveNodes(System.Collections.Generic.List{System.Int64})
    Unique name M_SolidFire_Element_Api_SolidFireElement_RemoveVolumePair_1 generated for M:SolidFire.Element.Api.SolidFireElement.RemoveVolumePair(System.Int64)
    Unique name M_SolidFire_Element_Api_SolidFireElement_RestoreDeletedVolume_1 generated for M:SolidFire.Element.Api.SolidFireElement.RestoreDeletedVolume(System.Int64)
    Unique name M_SolidFire_Element_Api_SolidFireElement_SecureEraseDrives_1 generated for M:SolidFire.Element.Api.SolidFireElement.SecureEraseDrives(System.Collections.Generic.List{System.Int64})
    Unique name M_SolidFire_Element_Api_SolidFireElement_SetClusterConfig_1 generated for M:SolidFire.Element.Api.SolidFireElement.SetClusterConfig(SolidFire.Element.Api.SetClusterConfigRequest)
    Unique name M_SolidFire_Element_Api_SolidFireElement_SetNetworkConfig_1 generated for M:SolidFire.Element.Api.SolidFireElement.SetNetworkConfig(SolidFire.Element.Api.SetNetworkConfigRequest)
  XslTransform (v2015.10.10.0)
  Copyright c 2006-2015, Microsoft Corporation, All Rights Reserved.
  Portions Copyright c 2006-2015, Eric Woodruff, All Rights Reserved.
  Applying XSL transformation &#39;C:\Program Files (x86)\EWSoftware\Sandcastle Help File Builder\ProductionTransforms\ReflectionToManifest.xsl&#39;.
Done Building Project &quot;C:\Users\Adam\dev\solidfire\sdk-dotnet\help\v0.9\Working\TransformManifest.proj&quot; (default targets).

Build succeeded.

Time Elapsed 00:00:02.84
    Last step completed in 00:00:03.0781
</buildStep>
<buildStep step="GenerateNamespaceSummaries">
Generating namespace summary information...
    Last step completed in 00:00:00.1563
</buildStep>
<buildStep step="CopyAdditionalContent">
Copying additional content files...
No additional content to copy
    Last step completed in 00:00:00.0000
</buildStep>
<buildStep step="MergeTablesOfContents">
Merging conceptual and additional tables of contents...
    Last step completed in 00:00:00.0000
</buildStep>
<buildStep step="GenerateIntermediateTableOfContents">
Generating intermediate table of contents file...
[C:\Windows\Microsoft.NET\Framework64\v4.0.30319\MSBuild.exe - GenerateIntermediateTOC.proj]
Build started 11/11/2015 10:25:46 AM.
Project &quot;C:\Users\Adam\dev\solidfire\sdk-dotnet\help\v0.9\Working\GenerateIntermediateTOC.proj&quot; on node 1 (default targets).
GenerateIntermediateTOC:
  XslTransform (v2015.10.10.0)
  Copyright c 2006-2015, Microsoft Corporation, All Rights Reserved.
  Portions Copyright c 2006-2015, Eric Woodruff, All Rights Reserved.
  Applying XSL transformation &#39;C:\Program Files (x86)\EWSoftware\Sandcastle Help File Builder\\ProductionTransforms\CreateVSToc.xsl&#39;.
Done Building Project &quot;C:\Users\Adam\dev\solidfire\sdk-dotnet\help\v0.9\Working\GenerateIntermediateTOC.proj&quot; (default targets).

Build succeeded.

Time Elapsed 00:00:00.44
Generating conceptual content intermediate TOC file...
    Last step completed in 00:00:00.8437
</buildStep>
<buildStep step="CreateBuildAssemblerConfigs">
Creating Sandcastle configuration files...
    sandcastle.config
    Last step completed in 00:00:00.4219
</buildStep>
<buildStep step="MergeCustomConfigs">
Merging custom build component configurations
C:\Users\Adam\dev\solidfire\sdk-dotnet\help\v0.9\Working\sandcastle.config
    Last step completed in 00:00:00.0156
</buildStep>
<buildStep step="BuildReferenceTopics">
Building reference help topics...
[C:\Windows\Microsoft.NET\Framework64\v4.0.30319\MSBuild.exe - BuildReferenceTopics.proj]
Build started 11/11/2015 10:25:48 AM.
Project &quot;C:\Users\Adam\dev\solidfire\sdk-dotnet\help\v0.9\Working\BuildReferenceTopics.proj&quot; on node 1 (default targets).
BuildReferenceTopics:
  BuildAssembler (v2015.10.10.0)
  Copyright c 2006-2015, Microsoft Corporation, All Rights Reserved.
  Portions Copyright c 2006-2015, Eric Woodruff, All Rights Reserved.
  Loading configuration...
  Processing topics...
  Processed 2316 topic(s)
  CopyFromIndexComponent: &quot;reflection&quot; in-memory cache entries used: 5 of 15.
  CopyFromIndexComponent: &quot;comments&quot; in-memory cache entries used: 3 of 30.
Done Building Project &quot;C:\Users\Adam\dev\solidfire\sdk-dotnet\help\v0.9\Working\BuildReferenceTopics.proj&quot; (default targets).

Build succeeded.

Time Elapsed 00:00:56.51
    Last step completed in 00:00:56.7813
</buildStep>
<buildStep step="CombiningIntermediateTocFiles">
Combining conceptual and API intermediate TOC files...
    Last step completed in 00:00:00.0156
</buildStep>
<buildStep step="ExtractingHtmlInfo">
Extracting HTML info for HTML Help 1 and/or website...
[C:\Windows\Microsoft.NET\Framework64\v4.0.30319\MSBuild.exe - ExtractHtmlInfo.proj]
Sandcastle Help File Builder and Tools, version 2015.10.10.0
Copyright c 2006-2015, Eric Woodruff, All Rights Reserved
E-Mail: Eric@EWoodruff.us

Using LCID &#39;1033&#39;, code page &#39;65001&#39;, encoding charset &#39;UTF-8&#39;.

Processing website files in C:\Users\Adam\dev\solidfire\sdk-dotnet\help\v0.9\Working\Output\Website
Processed 2316 HTML files
Sorting keywords and generating See Also indices
Saving website keyword index to C:\Users\Adam\dev\solidfire\sdk-dotnet\help\v0.9\Working\WebKI.xml
Saving website table of contents to C:\Users\Adam\dev\solidfire\sdk-dotnet\help\v0.9\Working\WebTOC.xml
    Last step completed in 00:00:13.1309
</buildStep>
<buildStep step="CopyStandardHelpContent">
Copying standard help content...
C:\Program Files (x86)\EWSoftware\Sandcastle Help File Builder\PresentationStyles\VS2013\icons\AlertCaution.png -&gt; C:\Users\Adam\dev\solidfire\sdk-dotnet\help\v0.9\Working\Output\Website\icons\AlertCaution.png
C:\Program Files (x86)\EWSoftware\Sandcastle Help File Builder\PresentationStyles\VS2013\icons\AlertNote.png -&gt; C:\Users\Adam\dev\solidfire\sdk-dotnet\help\v0.9\Working\Output\Website\icons\AlertNote.png
C:\Program Files (x86)\EWSoftware\Sandcastle Help File Builder\PresentationStyles\VS2013\icons\AlertSecurity.png -&gt; C:\Users\Adam\dev\solidfire\sdk-dotnet\help\v0.9\Working\Output\Website\icons\AlertSecurity.png
C:\Program Files (x86)\EWSoftware\Sandcastle Help File Builder\PresentationStyles\VS2013\icons\CFW.gif -&gt; C:\Users\Adam\dev\solidfire\sdk-dotnet\help\v0.9\Working\Output\Website\icons\CFW.gif
C:\Program Files (x86)\EWSoftware\Sandcastle Help File Builder\PresentationStyles\VS2013\icons\CodeExample.png -&gt; C:\Users\Adam\dev\solidfire\sdk-dotnet\help\v0.9\Working\Output\Website\icons\CodeExample.png
C:\Program Files (x86)\EWSoftware\Sandcastle Help File Builder\PresentationStyles\VS2013\icons\favicon.ico -&gt; C:\Users\Adam\dev\solidfire\sdk-dotnet\help\v0.9\Working\Output\Website\icons\favicon.ico
C:\Program Files (x86)\EWSoftware\Sandcastle Help File Builder\PresentationStyles\VS2013\icons\privclass.gif -&gt; C:\Users\Adam\dev\solidfire\sdk-dotnet\help\v0.9\Working\Output\Website\icons\privclass.gif
C:\Program Files (x86)\EWSoftware\Sandcastle Help File Builder\PresentationStyles\VS2013\icons\privdelegate.gif -&gt; C:\Users\Adam\dev\solidfire\sdk-dotnet\help\v0.9\Working\Output\Website\icons\privdelegate.gif
C:\Program Files (x86)\EWSoftware\Sandcastle Help File Builder\PresentationStyles\VS2013\icons\privenumeration.gif -&gt; C:\Users\Adam\dev\solidfire\sdk-dotnet\help\v0.9\Working\Output\Website\icons\privenumeration.gif
C:\Program Files (x86)\EWSoftware\Sandcastle Help File Builder\PresentationStyles\VS2013\icons\privevent.gif -&gt; C:\Users\Adam\dev\solidfire\sdk-dotnet\help\v0.9\Working\Output\Website\icons\privevent.gif
C:\Program Files (x86)\EWSoftware\Sandcastle Help File Builder\PresentationStyles\VS2013\icons\privextension.gif -&gt; C:\Users\Adam\dev\solidfire\sdk-dotnet\help\v0.9\Working\Output\Website\icons\privextension.gif
C:\Program Files (x86)\EWSoftware\Sandcastle Help File Builder\PresentationStyles\VS2013\icons\privfield.gif -&gt; C:\Users\Adam\dev\solidfire\sdk-dotnet\help\v0.9\Working\Output\Website\icons\privfield.gif
C:\Program Files (x86)\EWSoftware\Sandcastle Help File Builder\PresentationStyles\VS2013\icons\privinterface.gif -&gt; C:\Users\Adam\dev\solidfire\sdk-dotnet\help\v0.9\Working\Output\Website\icons\privinterface.gif
C:\Program Files (x86)\EWSoftware\Sandcastle Help File Builder\PresentationStyles\VS2013\icons\privmethod.gif -&gt; C:\Users\Adam\dev\solidfire\sdk-dotnet\help\v0.9\Working\Output\Website\icons\privmethod.gif
C:\Program Files (x86)\EWSoftware\Sandcastle Help File Builder\PresentationStyles\VS2013\icons\privproperty.gif -&gt; C:\Users\Adam\dev\solidfire\sdk-dotnet\help\v0.9\Working\Output\Website\icons\privproperty.gif
C:\Program Files (x86)\EWSoftware\Sandcastle Help File Builder\PresentationStyles\VS2013\icons\privstructure.gif -&gt; C:\Users\Adam\dev\solidfire\sdk-dotnet\help\v0.9\Working\Output\Website\icons\privstructure.gif
C:\Program Files (x86)\EWSoftware\Sandcastle Help File Builder\PresentationStyles\VS2013\icons\protclass.gif -&gt; C:\Users\Adam\dev\solidfire\sdk-dotnet\help\v0.9\Working\Output\Website\icons\protclass.gif
C:\Program Files (x86)\EWSoftware\Sandcastle Help File Builder\PresentationStyles\VS2013\icons\protdelegate.gif -&gt; C:\Users\Adam\dev\solidfire\sdk-dotnet\help\v0.9\Working\Output\Website\icons\protdelegate.gif
C:\Program Files (x86)\EWSoftware\Sandcastle Help File Builder\PresentationStyles\VS2013\icons\protenumeration.gif -&gt; C:\Users\Adam\dev\solidfire\sdk-dotnet\help\v0.9\Working\Output\Website\icons\protenumeration.gif
C:\Program Files (x86)\EWSoftware\Sandcastle Help File Builder\PresentationStyles\VS2013\icons\protevent.gif -&gt; C:\Users\Adam\dev\solidfire\sdk-dotnet\help\v0.9\Working\Output\Website\icons\protevent.gif
C:\Program Files (x86)\EWSoftware\Sandcastle Help File Builder\PresentationStyles\VS2013\icons\protextension.gif -&gt; C:\Users\Adam\dev\solidfire\sdk-dotnet\help\v0.9\Working\Output\Website\icons\protextension.gif
C:\Program Files (x86)\EWSoftware\Sandcastle Help File Builder\PresentationStyles\VS2013\icons\protfield.gif -&gt; C:\Users\Adam\dev\solidfire\sdk-dotnet\help\v0.9\Working\Output\Website\icons\protfield.gif
C:\Program Files (x86)\EWSoftware\Sandcastle Help File Builder\PresentationStyles\VS2013\icons\protinterface.gif -&gt; C:\Users\Adam\dev\solidfire\sdk-dotnet\help\v0.9\Working\Output\Website\icons\protinterface.gif
C:\Program Files (x86)\EWSoftware\Sandcastle Help File Builder\PresentationStyles\VS2013\icons\protmethod.gif -&gt; C:\Users\Adam\dev\solidfire\sdk-dotnet\help\v0.9\Working\Output\Website\icons\protmethod.gif
C:\Program Files (x86)\EWSoftware\Sandcastle Help File Builder\PresentationStyles\VS2013\icons\protoperator.gif -&gt; C:\Users\Adam\dev\solidfire\sdk-dotnet\help\v0.9\Working\Output\Website\icons\protoperator.gif
C:\Program Files (x86)\EWSoftware\Sandcastle Help File Builder\PresentationStyles\VS2013\icons\protproperty.gif -&gt; C:\Users\Adam\dev\solidfire\sdk-dotnet\help\v0.9\Working\Output\Website\icons\protproperty.gif
C:\Program Files (x86)\EWSoftware\Sandcastle Help File Builder\PresentationStyles\VS2013\icons\protstructure.gif -&gt; C:\Users\Adam\dev\solidfire\sdk-dotnet\help\v0.9\Working\Output\Website\icons\protstructure.gif
C:\Program Files (x86)\EWSoftware\Sandcastle Help File Builder\PresentationStyles\VS2013\icons\pubclass.gif -&gt; C:\Users\Adam\dev\solidfire\sdk-dotnet\help\v0.9\Working\Output\Website\icons\pubclass.gif
C:\Program Files (x86)\EWSoftware\Sandcastle Help File Builder\PresentationStyles\VS2013\icons\pubdelegate.gif -&gt; C:\Users\Adam\dev\solidfire\sdk-dotnet\help\v0.9\Working\Output\Website\icons\pubdelegate.gif
C:\Program Files (x86)\EWSoftware\Sandcastle Help File Builder\PresentationStyles\VS2013\icons\pubenumeration.gif -&gt; C:\Users\Adam\dev\solidfire\sdk-dotnet\help\v0.9\Working\Output\Website\icons\pubenumeration.gif
C:\Program Files (x86)\EWSoftware\Sandcastle Help File Builder\PresentationStyles\VS2013\icons\pubevent.gif -&gt; C:\Users\Adam\dev\solidfire\sdk-dotnet\help\v0.9\Working\Output\Website\icons\pubevent.gif
C:\Program Files (x86)\EWSoftware\Sandcastle Help File Builder\PresentationStyles\VS2013\icons\pubextension.gif -&gt; C:\Users\Adam\dev\solidfire\sdk-dotnet\help\v0.9\Working\Output\Website\icons\pubextension.gif
C:\Program Files (x86)\EWSoftware\Sandcastle Help File Builder\PresentationStyles\VS2013\icons\pubfield.gif -&gt; C:\Users\Adam\dev\solidfire\sdk-dotnet\help\v0.9\Working\Output\Website\icons\pubfield.gif
C:\Program Files (x86)\EWSoftware\Sandcastle Help File Builder\PresentationStyles\VS2013\icons\pubinterface.gif -&gt; C:\Users\Adam\dev\solidfire\sdk-dotnet\help\v0.9\Working\Output\Website\icons\pubinterface.gif
C:\Program Files (x86)\EWSoftware\Sandcastle Help File Builder\PresentationStyles\VS2013\icons\pubmethod.gif -&gt; C:\Users\Adam\dev\solidfire\sdk-dotnet\help\v0.9\Working\Output\Website\icons\pubmethod.gif
C:\Program Files (x86)\EWSoftware\Sandcastle Help File Builder\PresentationStyles\VS2013\icons\puboperator.gif -&gt; C:\Users\Adam\dev\solidfire\sdk-dotnet\help\v0.9\Working\Output\Website\icons\puboperator.gif
C:\Program Files (x86)\EWSoftware\Sandcastle Help File Builder\PresentationStyles\VS2013\icons\pubproperty.gif -&gt; C:\Users\Adam\dev\solidfire\sdk-dotnet\help\v0.9\Working\Output\Website\icons\pubproperty.gif
C:\Program Files (x86)\EWSoftware\Sandcastle Help File Builder\PresentationStyles\VS2013\icons\pubstructure.gif -&gt; C:\Users\Adam\dev\solidfire\sdk-dotnet\help\v0.9\Working\Output\Website\icons\pubstructure.gif
C:\Program Files (x86)\EWSoftware\Sandcastle Help File Builder\PresentationStyles\VS2013\icons\SectionCollapsed.png -&gt; C:\Users\Adam\dev\solidfire\sdk-dotnet\help\v0.9\Working\Output\Website\icons\SectionCollapsed.png
C:\Program Files (x86)\EWSoftware\Sandcastle Help File Builder\PresentationStyles\VS2013\icons\SectionExpanded.png -&gt; C:\Users\Adam\dev\solidfire\sdk-dotnet\help\v0.9\Working\Output\Website\icons\SectionExpanded.png
C:\Program Files (x86)\EWSoftware\Sandcastle Help File Builder\PresentationStyles\VS2013\icons\slMobile.gif -&gt; C:\Users\Adam\dev\solidfire\sdk-dotnet\help\v0.9\Working\Output\Website\icons\slMobile.gif
C:\Program Files (x86)\EWSoftware\Sandcastle Help File Builder\PresentationStyles\VS2013\icons\static.gif -&gt; C:\Users\Adam\dev\solidfire\sdk-dotnet\help\v0.9\Working\Output\Website\icons\static.gif
C:\Program Files (x86)\EWSoftware\Sandcastle Help File Builder\PresentationStyles\VS2013\icons\xna.gif -&gt; C:\Users\Adam\dev\solidfire\sdk-dotnet\help\v0.9\Working\Output\Website\icons\xna.gif
C:\Program Files (x86)\EWSoftware\Sandcastle Help File Builder\PresentationStyles\VS2013\scripts\branding.js -&gt; C:\Users\Adam\dev\solidfire\sdk-dotnet\help\v0.9\Working\Output\Website\scripts\branding.js
C:\Program Files (x86)\EWSoftware\Sandcastle Help File Builder\PresentationStyles\VS2013\styles\branding-cs-CZ.css -&gt; C:\Users\Adam\dev\solidfire\sdk-dotnet\help\v0.9\Working\Output\Website\styles\branding-cs-CZ.css
C:\Program Files (x86)\EWSoftware\Sandcastle Help File Builder\PresentationStyles\VS2013\styles\branding-de-DE.css -&gt; C:\Users\Adam\dev\solidfire\sdk-dotnet\help\v0.9\Working\Output\Website\styles\branding-de-DE.css
C:\Program Files (x86)\EWSoftware\Sandcastle Help File Builder\PresentationStyles\VS2013\styles\branding-en-US.css -&gt; C:\Users\Adam\dev\solidfire\sdk-dotnet\help\v0.9\Working\Output\Website\styles\branding-en-US.css
C:\Program Files (x86)\EWSoftware\Sandcastle Help File Builder\PresentationStyles\VS2013\styles\branding-es-ES.css -&gt; C:\Users\Adam\dev\solidfire\sdk-dotnet\help\v0.9\Working\Output\Website\styles\branding-es-ES.css
C:\Program Files (x86)\EWSoftware\Sandcastle Help File Builder\PresentationStyles\VS2013\styles\branding-fr-FR.css -&gt; C:\Users\Adam\dev\solidfire\sdk-dotnet\help\v0.9\Working\Output\Website\styles\branding-fr-FR.css
C:\Program Files (x86)\EWSoftware\Sandcastle Help File Builder\PresentationStyles\VS2013\styles\branding-Help1.css -&gt; C:\Users\Adam\dev\solidfire\sdk-dotnet\help\v0.9\Working\Output\Website\styles\branding-Help1.css
C:\Program Files (x86)\EWSoftware\Sandcastle Help File Builder\PresentationStyles\VS2013\styles\branding-HelpViewer.css -&gt; C:\Users\Adam\dev\solidfire\sdk-dotnet\help\v0.9\Working\Output\Website\styles\branding-HelpViewer.css
C:\Program Files (x86)\EWSoftware\Sandcastle Help File Builder\PresentationStyles\VS2013\styles\branding-it-IT.css -&gt; C:\Users\Adam\dev\solidfire\sdk-dotnet\help\v0.9\Working\Output\Website\styles\branding-it-IT.css
C:\Program Files (x86)\EWSoftware\Sandcastle Help File Builder\PresentationStyles\VS2013\styles\branding-ja-JP.css -&gt; C:\Users\Adam\dev\solidfire\sdk-dotnet\help\v0.9\Working\Output\Website\styles\branding-ja-JP.css
C:\Program Files (x86)\EWSoftware\Sandcastle Help File Builder\PresentationStyles\VS2013\styles\branding-ko-KR.css -&gt; C:\Users\Adam\dev\solidfire\sdk-dotnet\help\v0.9\Working\Output\Website\styles\branding-ko-KR.css
C:\Program Files (x86)\EWSoftware\Sandcastle Help File Builder\PresentationStyles\VS2013\styles\branding-pl-PL.css -&gt; C:\Users\Adam\dev\solidfire\sdk-dotnet\help\v0.9\Working\Output\Website\styles\branding-pl-PL.css
C:\Program Files (x86)\EWSoftware\Sandcastle Help File Builder\PresentationStyles\VS2013\styles\branding-pt-BR.css -&gt; C:\Users\Adam\dev\solidfire\sdk-dotnet\help\v0.9\Working\Output\Website\styles\branding-pt-BR.css
C:\Program Files (x86)\EWSoftware\Sandcastle Help File Builder\PresentationStyles\VS2013\styles\branding-ru-RU.css -&gt; C:\Users\Adam\dev\solidfire\sdk-dotnet\help\v0.9\Working\Output\Website\styles\branding-ru-RU.css
C:\Program Files (x86)\EWSoftware\Sandcastle Help File Builder\PresentationStyles\VS2013\styles\branding-tr-TR.css -&gt; C:\Users\Adam\dev\solidfire\sdk-dotnet\help\v0.9\Working\Output\Website\styles\branding-tr-TR.css
C:\Program Files (x86)\EWSoftware\Sandcastle Help File Builder\PresentationStyles\VS2013\styles\branding-Website.css -&gt; C:\Users\Adam\dev\solidfire\sdk-dotnet\help\v0.9\Working\Output\Website\styles\branding-Website.css
C:\Program Files (x86)\EWSoftware\Sandcastle Help File Builder\PresentationStyles\VS2013\styles\branding-zh-CN.css -&gt; C:\Users\Adam\dev\solidfire\sdk-dotnet\help\v0.9\Working\Output\Website\styles\branding-zh-CN.css
C:\Program Files (x86)\EWSoftware\Sandcastle Help File Builder\PresentationStyles\VS2013\styles\branding-zh-TW.css -&gt; C:\Users\Adam\dev\solidfire\sdk-dotnet\help\v0.9\Working\Output\Website\styles\branding-zh-TW.css
C:\Program Files (x86)\EWSoftware\Sandcastle Help File Builder\PresentationStyles\VS2013\styles\branding.css -&gt; C:\Users\Adam\dev\solidfire\sdk-dotnet\help\v0.9\Working\Output\Website\styles\branding.css
C:\Program Files (x86)\EWSoftware\Sandcastle Help File Builder\PresentationStyles\VS2013\Web\index.html -&gt; C:\Users\Adam\dev\solidfire\sdk-dotnet\help\v0.9\Working\Output\Website\index.html
C:\Program Files (x86)\EWSoftware\Sandcastle Help File Builder\PresentationStyles\VS2013\Web\search.html -&gt; C:\Users\Adam\dev\solidfire\sdk-dotnet\help\v0.9\Working\Output\Website\search.html
C:\Program Files (x86)\EWSoftware\Sandcastle Help File Builder\PresentationStyles\VS2013\Web\SearchHelp.aspx -&gt; C:\Users\Adam\dev\solidfire\sdk-dotnet\help\v0.9\Working\Output\Website\SearchHelp.aspx
C:\Program Files (x86)\EWSoftware\Sandcastle Help File Builder\PresentationStyles\VS2013\Web\SearchHelp.inc.php -&gt; C:\Users\Adam\dev\solidfire\sdk-dotnet\help\v0.9\Working\Output\Website\SearchHelp.inc.php
C:\Program Files (x86)\EWSoftware\Sandcastle Help File Builder\PresentationStyles\VS2013\Web\SearchHelp.php -&gt; C:\Users\Adam\dev\solidfire\sdk-dotnet\help\v0.9\Working\Output\Website\SearchHelp.php
C:\Program Files (x86)\EWSoftware\Sandcastle Help File Builder\PresentationStyles\VS2013\Web\Web.Config -&gt; C:\Users\Adam\dev\solidfire\sdk-dotnet\help\v0.9\Working\Output\Website\Web.Config
C:\Program Files (x86)\EWSoftware\Sandcastle Help File Builder\PresentationStyles\VS2013\Web\icons\Search.png -&gt; C:\Users\Adam\dev\solidfire\sdk-dotnet\help\v0.9\Working\Output\Website\icons\Search.png
C:\Program Files (x86)\EWSoftware\Sandcastle Help File Builder\PresentationStyles\VS2013\Web\icons\TocClose.gif -&gt; C:\Users\Adam\dev\solidfire\sdk-dotnet\help\v0.9\Working\Output\Website\icons\TocClose.gif
C:\Program Files (x86)\EWSoftware\Sandcastle Help File Builder\PresentationStyles\VS2013\Web\icons\TocCollapsed.gif -&gt; C:\Users\Adam\dev\solidfire\sdk-dotnet\help\v0.9\Working\Output\Website\icons\TocCollapsed.gif
C:\Program Files (x86)\EWSoftware\Sandcastle Help File Builder\PresentationStyles\VS2013\Web\icons\TocExpanded.gif -&gt; C:\Users\Adam\dev\solidfire\sdk-dotnet\help\v0.9\Working\Output\Website\icons\TocExpanded.gif
C:\Program Files (x86)\EWSoftware\Sandcastle Help File Builder\PresentationStyles\VS2013\Web\icons\TocOpen.gif -&gt; C:\Users\Adam\dev\solidfire\sdk-dotnet\help\v0.9\Working\Output\Website\icons\TocOpen.gif
C:\Program Files (x86)\EWSoftware\Sandcastle Help File Builder\PresentationStyles\VS2013\Web\scripts\branding-Website.js -&gt; C:\Users\Adam\dev\solidfire\sdk-dotnet\help\v0.9\Working\Output\Website\scripts\branding-Website.js
C:\Program Files (x86)\EWSoftware\Sandcastle Help File Builder\PresentationStyles\VS2013\Web\scripts\jquery-1.11.0.min.js -&gt; C:\Users\Adam\dev\solidfire\sdk-dotnet\help\v0.9\Working\Output\Website\scripts\jquery-1.11.0.min.js
    Last step completed in 00:00:00.6504
</buildStep>
<buildStep step="GenerateHelpFormatTableOfContents">
Generating website table of contents file...
    Last step completed in 00:00:00.0000
</buildStep>
<buildStep step="GenerateFullTextIndex">
Generating full-text index for the website...

<plugIn name="Lightweight Website Style" behavior="After" priority="1000">
Adding lightweight search and TOC elements to each topic...
</plugIn>    Last step completed in 00:00:33.1875
</buildStep>
<buildStep step="CopyingWebsiteFiles">
Copying website files to output folder...

Copied 500 files
Copied 1000 files
Copied 1500 files
Copied 2000 files
Copied 2500 files
Copied 3000 files
Copied 3001 files for the website content
    Last step completed in 00:00:16.1338
</buildStep>
<buildStep step="CleanIntermediates">
Removing intermediate files...
    Last step completed in 00:00:07.1163
</buildStep>
<buildStep step="Completed">

Build completed successfully at 11/11/2015 10:27:54 AM.  Total time: 00:02:17.3901

</buildStep>
</shfbBuild>
